{"/home/z1maka/WebstormProjects/blockchain/config/genesis.block.ts": {"path":"/home/z1maka/WebstormProjects/blockchain/config/genesis.block.ts","statementMap":{"0":{"start":{"line":3,"column":13},"end":{"line":8,"column":2}}},"fnMap":{},"branchMap":{},"s":{"0":2},"f":{},"b":{}}
,"/home/z1maka/WebstormProjects/blockchain/src/Block/Block.ts": {"path":"/home/z1maka/WebstormProjects/blockchain/src/Block/Block.ts","statementMap":{"0":{"start":{"line":2,"column":0},"end":{"line":2,"column":59}},"1":{"start":{"line":3,"column":0},"end":{"line":3,"column":40}},"2":{"start":{"line":7,"column":11},"end":{"line":7,"column":28}},"3":{"start":{"line":8,"column":11},"end":{"line":8,"column":27}},"4":{"start":{"line":9,"column":11},"end":{"line":9,"column":23}},"5":{"start":{"line":10,"column":11},"end":{"line":10,"column":18}},"6":{"start":{"line":14,"column":22},"end":{"line":14,"column":45}},"7":{"start":{"line":15,"column":21},"end":{"line":15,"column":43}},"8":{"start":{"line":16,"column":17},"end":{"line":16,"column":35}},"9":{"start":{"line":17,"column":17},"end":{"line":17,"column":35}},"10":{"start":{"line":19,"column":4},"end":{"line":19,"column":54}},"11":{"start":{"line":5,"column":0},"end":{"line":5,"column":21}},"12":{"start":{"line":22,"column":9},"end":{"line":27,"column":4}},"13":{"start":{"line":23,"column":22},"end":{"line":23,"column":32}},"14":{"start":{"line":24,"column":17},"end":{"line":24,"column":56}},"15":{"start":{"line":26,"column":4},"end":{"line":26,"column":65}}},"fnMap":{"0":{"name":"(anonymous_1)","decl":{"start":{"line":6,"column":2},"end":{"line":6,"column":null}},"loc":{"start":{"line":10,"column":18},"end":{"line":11,"column":6}}},"1":{"name":"(anonymous_2)","decl":{"start":{"line":13,"column":2},"end":{"line":13,"column":8}},"loc":{"start":{"line":13,"column":20},"end":{"line":20,"column":3}}},"2":{"name":"(anonymous_3)","decl":{"start":{"line":22,"column":23},"end":{"line":22,"column":24}},"loc":{"start":{"line":22,"column":60},"end":{"line":27,"column":3}}}},"branchMap":{},"s":{"0":2,"1":2,"2":25,"3":25,"4":25,"5":25,"6":10,"7":10,"8":10,"9":10,"10":10,"11":2,"12":2,"13":14,"14":14,"15":14},"f":{"0":25,"1":10,"2":14},"b":{}}
,"/home/z1maka/WebstormProjects/blockchain/src/BlockChain/BlockChain.ts": {"path":"/home/z1maka/WebstormProjects/blockchain/src/BlockChain/BlockChain.ts","statementMap":{"0":{"start":{"line":1,"column":0},"end":{"line":1,"column":35}},"1":{"start":{"line":5,"column":2},"end":{"line":5,"column":41}},"2":{"start":{"line":7,"column":2},"end":{"line":12,"column":4}},"3":{"start":{"line":8,"column":22},"end":{"line":8,"column":55}},"4":{"start":{"line":9,"column":21},"end":{"line":9,"column":55}},"5":{"start":{"line":11,"column":4},"end":{"line":11,"column":30}},"6":{"start":{"line":4,"column":0},"end":{"line":4,"column":21}},"7":{"start":{"line":14,"column":9},"end":{"line":16,"column":4}},"8":{"start":{"line":15,"column":4},"end":{"line":15,"column":16}}},"fnMap":{"0":{"name":"(anonymous_1)","decl":{"start":{"line":4,"column":0},"end":{"line":4,"column":21}},"loc":{"start":{"line":4,"column":0},"end":{"line":17,"column":1}}},"1":{"name":"(anonymous_2)","decl":{"start":{"line":7,"column":13},"end":{"line":7,"column":14}},"loc":{"start":{"line":7,"column":27},"end":{"line":12,"column":3}}},"2":{"name":"(anonymous_3)","decl":{"start":{"line":14,"column":24},"end":{"line":14,"column":25}},"loc":{"start":{"line":14,"column":49},"end":{"line":16,"column":3}}}},"branchMap":{},"s":{"0":1,"1":7,"2":7,"3":13,"4":13,"5":13,"6":1,"7":1,"8":4},"f":{"0":7,"1":13,"2":4},"b":{}}
,"/home/z1maka/WebstormProjects/blockchain/src/utils/hash/hash.ts": {"path":"/home/z1maka/WebstormProjects/blockchain/src/utils/hash/hash.ts","statementMap":{"0":{"start":{"line":1,"column":0},"end":{"line":1,"column":28}},"1":{"start":{"line":3,"column":15},"end":{"line":9,"column":1}},"2":{"start":{"line":4,"column":15},"end":{"line":4,"column":42}},"3":{"start":{"line":5,"column":19},"end":{"line":5,"column":40}},"4":{"start":{"line":7,"column":2},"end":{"line":7,"column":24}},"5":{"start":{"line":8,"column":2},"end":{"line":8,"column":28}},"6":{"start":{"line":11,"column":0},"end":{"line":11,"column":22}}},"fnMap":{"0":{"name":"(anonymous_1)","decl":{"start":{"line":3,"column":15},"end":{"line":3,"column":16}},"loc":{"start":{"line":3,"column":34},"end":{"line":9,"column":1}}}},"branchMap":{},"s":{"0":3,"1":3,"2":18,"3":18,"4":18,"5":18,"6":3},"f":{"0":18},"b":{}}
}
