TN:
SF:config/genesis.block.ts
FNF:0
FNH:0
DA:3,2
LF:1
LH:1
BRF:0
BRH:0
end_of_record
TN:
SF:src/Block/Block.ts
FN:6,(anonymous_1)
FN:13,(anonymous_2)
FN:22,(anonymous_3)
FNF:3
FNH:3
FNDA:25,(anonymous_1)
FNDA:10,(anonymous_2)
FNDA:14,(anonymous_3)
DA:2,2
DA:3,2
DA:5,2
DA:7,25
DA:8,25
DA:9,25
DA:10,25
DA:14,10
DA:15,10
DA:16,10
DA:17,10
DA:19,10
DA:22,2
DA:23,14
DA:24,14
DA:26,14
LF:16
LH:16
BRF:0
BRH:0
end_of_record
TN:
SF:src/BlockChain/BlockChain.ts
FN:4,(anonymous_1)
FN:7,(anonymous_2)
FN:14,(anonymous_3)
FNF:3
FNH:3
FNDA:7,(anonymous_1)
FNDA:13,(anonymous_2)
FNDA:4,(anonymous_3)
DA:1,1
DA:4,1
DA:5,7
DA:7,7
DA:8,13
DA:9,13
DA:11,13
DA:14,1
DA:15,4
LF:9
LH:9
BRF:0
BRH:0
end_of_record
TN:
SF:src/utils/hash/hash.ts
FN:3,(anonymous_1)
FNF:1
FNH:1
FNDA:18,(anonymous_1)
DA:1,3
DA:3,3
DA:4,18
DA:5,18
DA:7,18
DA:8,18
DA:11,3
LF:7
LH:7
BRF:0
BRH:0
end_of_record
